2017-02-15 18:23:46 interests: 'Test'
2017-02-15 18:23:46 comments: 

2017-02-15 18:23:46after escape interests: 'Test'
2017-02-15 18:23:46after escape comments: 

2017-02-15 18:25:01 interests: 'TEST'
2017-02-15 18:25:01 comments: 

2017-02-15 18:25:01after escape interests: 
2017-02-15 18:25:01after escape comments: 

2017-02-15 18:28:07 interests: 'TESTAR'
2017-02-15 18:28:07 comments: 

2017-02-15 18:28:07after escape interests: 
2017-02-15 18:28:07after escape comments: 

2017-02-15 18:28:48 interests: 'TESTAR'
2017-02-15 18:28:48 comments: 

2017-02-15 18:28:48after escape interests: 
2017-02-15 18:28:48after escape comments: 

2017-02-15 18:29:55 interests: 'TEAST'
2017-02-15 18:29:55 comments: 

2017-02-15 18:29:55after escape interests: \'TEAST\'
2017-02-15 18:29:55after escape comments: 

